C:\GIT\FIFAWORLDCUP\DEBUG\VC110.PDB
C:\GIT\FIFAWORLDCUP\DEBUG\MAIN.OBJ
C:\GIT\FIFAWORLDCUP\DEBUG\FIFAWORLDCUP.ILK
C:\GIT\FIFAWORLDCUP\DEBUG\FIFAWORLDCUP.EXE
C:\GIT\FIFAWORLDCUP\DEBUG\FIFAWORLDCUP.PDB
C:\GIT\FIFAWorldCup\Debug\Main.obj
C:\GIT\FIFAWorldCup\Debug\FIFAWorldCup.ilk
C:\GIT\FIFAWorldCup\Debug\cl.command.1.tlog
C:\GIT\FIFAWorldCup\Debug\CL.read.1.tlog
C:\GIT\FIFAWorldCup\Debug\CL.write.1.tlog
C:\GIT\FIFAWorldCup\Debug\link-cvtres.read.1.tlog
C:\GIT\FIFAWorldCup\Debug\link-cvtres.write.1.tlog
C:\GIT\FIFAWorldCup\Debug\link-rc.read.1.tlog
C:\GIT\FIFAWorldCup\Debug\link-rc.write.1.tlog
C:\GIT\FIFAWorldCup\Debug\link.5872-cvtres.read.1.tlog
C:\GIT\FIFAWorldCup\Debug\link.5872-cvtres.write.1.tlog
C:\GIT\FIFAWorldCup\Debug\link.5872-rc.read.1.tlog
C:\GIT\FIFAWorldCup\Debug\link.5872-rc.write.1.tlog
C:\GIT\FIFAWorldCup\Debug\link.5872.read.1.tlog
C:\GIT\FIFAWorldCup\Debug\link.5872.write.1.tlog
C:\GIT\FIFAWorldCup\Debug\link.command.1.tlog
C:\GIT\FIFAWorldCup\Debug\link.read.1.tlog
C:\GIT\FIFAWorldCup\Debug\link.write.1.tlog
C:\GIT\FIFAWorldCup\Debug\vc110.idb
C:\GIT\FIFAWorldCup\Debug\FIFAWorldCup.pdb
C:\GIT\FIFAWorldCup\Debug\vc110.pdb
C:\GIT\FIFAWorldCup\Debug\FIFAWorldCup.exe
